<?xml version="1.0" encoding="UTF-8"?>
<testsuite name="SILab2Test" tests="1" skipped="0" failures="0" errors="0" timestamp="2021-05-25T15:14:27" hostname="DESKTOP-H91DLMI" time="0.028">
  <properties/>
  <testcase name="everyBranch()" classname="SILab2Test" time="0.028"/>
  <system-out><![CDATA[]]></system-out>
  <system-err><![CDATA[]]></system-err>
</testsuite>
